<?xml version="1.0" encoding="UTF-8"?>
<!-- Generated by org.testng.reporters.JUnitReportReporter -->
<testsuite hostname="DESKTOP-1C9M42M" name="BasicSubtractionTest" tests="3" failures="0" timestamp="13 Dec 2017 15:00:32 GMT" time="0.052" errors="0">
  <testcase name="testSubPositiveNumbers" time="0.024" classname="BasicSubtractionTest"/>
  <testcase name="testSubNegativeNumbers" time="0.013" classname="BasicSubtractionTest"/>
  <testcase name="testSubZeros" time="0.015" classname="BasicSubtractionTest"/>
</testsuite> <!-- BasicSubtractionTest -->
