<?xml version="1.0" encoding="UTF-8"?>
<!-- Generated by org.testng.reporters.JUnitReportReporter -->
<testsuite hostname="DESKTOP-1C9M42M" name="AdvancedSquareRootTest" tests="3" failures="0" timestamp="13 Dec 2017 15:00:32 GMT" time="0.041" errors="0">
  <testcase name="testSqrtPostiveNumbers" time="0.022" classname="AdvancedSquareRootTest"/>
  <testcase name="testSqrtZeros" time="0.012" classname="AdvancedSquareRootTest"/>
  <testcase name="testSqrtNegativeNumbers" time="0.007" classname="AdvancedSquareRootTest"/>
</testsuite> <!-- AdvancedSquareRootTest -->
