<?xml version="1.0" encoding="UTF-8"?>
<!-- Generated by org.testng.reporters.JUnitReportReporter -->
<testsuite hostname="DESKTOP-1C9M42M" name="BasicDivisionTest" tests="3" failures="0" timestamp="13 Dec 2017 15:00:32 GMT" time="0.017" errors="0">
  <testcase name="testDivPositiveNumbers" time="0.004" classname="BasicDivisionTest"/>
  <testcase name="testDivNegativeNumbers" time="0.009" classname="BasicDivisionTest"/>
  <testcase name="testDivZeros" time="0.004" classname="BasicDivisionTest"/>
</testsuite> <!-- BasicDivisionTest -->
