<?xml version="1.0" encoding="UTF-8"?>
<!-- Generated by org.testng.reporters.JUnitReportReporter -->
<testsuite hostname="DESKTOP-1C9M42M" name="AdvancedTangentTest" tests="3" failures="0" timestamp="13 Dec 2017 15:00:32 GMT" time="0.047" errors="0">
  <testcase name="testTanNegativeNumbers" time="0.018" classname="AdvancedTangentTest"/>
  <testcase name="testTanPostiveNumbers" time="0.011" classname="AdvancedTangentTest"/>
  <testcase name="testTanZeros" time="0.018" classname="AdvancedTangentTest"/>
</testsuite> <!-- AdvancedTangentTest -->
