<?xml version="1.0" encoding="UTF-8"?>
<!-- Generated by org.testng.reporters.JUnitReportReporter -->
<testsuite hostname="DESKTOP-1C9M42M" name="AdvancedSineTest" tests="3" failures="0" timestamp="13 Dec 2017 15:00:32 GMT" time="0.027" errors="0">
  <testcase name="testSinZeros" time="0.006" classname="AdvancedSineTest"/>
  <testcase name="testSinPostiveNumbers" time="0.013" classname="AdvancedSineTest"/>
  <testcase name="testSinNegativeNumbers" time="0.008" classname="AdvancedSineTest"/>
</testsuite> <!-- AdvancedSineTest -->
