<?xml version="1.0" encoding="UTF-8"?>
<!-- Generated by org.testng.reporters.JUnitReportReporter -->
<testsuite hostname="DESKTOP-1C9M42M" name="AdvancedLogarithmTest" tests="3" failures="0" timestamp="13 Dec 2017 15:00:32 GMT" time="0.063" errors="0">
  <testcase name="testLogZeros" time="0.016" classname="AdvancedLogarithmTest"/>
  <testcase name="testLogNegativeNumbers" time="0.042" classname="AdvancedLogarithmTest"/>
  <testcase name="testLogPostiveNumbers" time="0.005" classname="AdvancedLogarithmTest"/>
</testsuite> <!-- AdvancedLogarithmTest -->
