<?xml version="1.0" encoding="UTF-8"?>
<!-- Generated by org.testng.reporters.JUnitReportReporter -->
<testsuite hostname="DESKTOP-1C9M42M" name="AdvancedSquaredTest" tests="3" failures="0" timestamp="13 Dec 2017 15:00:32 GMT" time="0.046" errors="0">
  <testcase name="testSqrdPostiveNumbers" time="0.015" classname="AdvancedSquaredTest"/>
  <testcase name="testSqrdZeros" time="0.021" classname="AdvancedSquaredTest"/>
  <testcase name="testSqrdNegativeNumbers" time="0.010" classname="AdvancedSquaredTest"/>
</testsuite> <!-- AdvancedSquaredTest -->
