<?xml version="1.0" encoding="UTF-8"?>
<!-- Generated by org.testng.reporters.JUnitReportReporter -->
<testsuite hostname="DESKTOP-1C9M42M" name="BasicMultiplicationTest" tests="3" failures="0" timestamp="13 Dec 2017 15:00:32 GMT" time="0.071" errors="0">
  <testcase name="testMulNegativeNumbers" time="0.046" classname="BasicMultiplicationTest"/>
  <testcase name="testMulPositiveNumbers" time="0.021" classname="BasicMultiplicationTest"/>
  <testcase name="testMulZeros" time="0.004" classname="BasicMultiplicationTest"/>
</testsuite> <!-- BasicMultiplicationTest -->
