<?xml version="1.0" encoding="UTF-8"?>
<!-- Generated by org.testng.reporters.JUnitReportReporter -->
<testsuite hostname="DESKTOP-1C9M42M" name="BasicAdditionTest" tests="3" failures="0" timestamp="13 Dec 2017 15:00:32 GMT" time="0.015" errors="0">
  <testcase name="testAddZeros" time="0.004" classname="BasicAdditionTest"/>
  <testcase name="testAddNegativeNumbers" time="0.007" classname="BasicAdditionTest"/>
  <testcase name="testAddPositiveNumbers" time="0.004" classname="BasicAdditionTest"/>
</testsuite> <!-- BasicAdditionTest -->
