<?xml version="1.0" encoding="UTF-8"?>
<!-- Generated by org.testng.reporters.JUnitReportReporter -->
<testsuite hostname="DESKTOP-1C9M42M" name="AdvancedCosineTest" tests="3" failures="0" timestamp="13 Dec 2017 15:00:32 GMT" time="0.082" errors="0">
  <testcase name="testCosPostiveNumbers" time="0.016" classname="AdvancedCosineTest"/>
  <testcase name="testCosZeros" time="0.042" classname="AdvancedCosineTest"/>
  <testcase name="testCosNegativeNumbers" time="0.024" classname="AdvancedCosineTest"/>
</testsuite> <!-- AdvancedCosineTest -->
