<?xml version="1.0" encoding="UTF-8"?>
<testsuite name="TestSuite" time="19.166" tests="30" errors="0" skipped="0" failures="0">
  <properties>
    <property name="java.runtime.name" value="Java(TM) SE Runtime Environment"/>
    <property name="sun.boot.library.path" value="C:\Program Files\Java\jdk1.8.0_144\jre\bin"/>
    <property name="java.vm.version" value="25.144-b01"/>
    <property name="java.vm.vendor" value="Oracle Corporation"/>
    <property name="maven.multiModuleProjectDirectory" value="C:\Users\Sini\eclipse-workspace\calculator-husseink"/>
    <property name="java.vendor.url" value="http://java.oracle.com/"/>
    <property name="path.separator" value=";"/>
    <property name="guice.disable.misplaced.annotation.check" value="true"/>
    <property name="java.vm.name" value="Java HotSpot(TM) 64-Bit Server VM"/>
    <property name="file.encoding.pkg" value="sun.io"/>
    <property name="user.script" value=""/>
    <property name="user.country" value="SE"/>
    <property name="sun.java.launcher" value="SUN_STANDARD"/>
    <property name="sun.os.patch.level" value=""/>
    <property name="java.vm.specification.name" value="Java Virtual Machine Specification"/>
    <property name="user.dir" value="C:\Users\Sini\eclipse-workspace\calculator-husseink"/>
    <property name="java.runtime.version" value="1.8.0_144-b01"/>
    <property name="java.awt.graphicsenv" value="sun.awt.Win32GraphicsEnvironment"/>
    <property name="java.endorsed.dirs" value="C:\Program Files\Java\jdk1.8.0_144\jre\lib\endorsed"/>
    <property name="os.arch" value="amd64"/>
    <property name="java.io.tmpdir" value="C:\Users\Sini\AppData\Local\Temp\"/>
    <property name="line.separator" value="&#10;"/>
    <property name="java.vm.specification.vendor" value="Oracle Corporation"/>
    <property name="user.variant" value=""/>
    <property name="os.name" value="Windows 10"/>
    <property name="classworlds.conf" value="C:\Program Files\apache-maven-3.5.2\bin\..\bin\m2.conf"/>
    <property name="sun.jnu.encoding" value="Cp1252"/>
    <property name="java.library.path" value="C:\Program Files\Java\jdk1.8.0_144\bin;C:\WINDOWS\Sun\Java\bin;C:\WINDOWS\system32;C:\WINDOWS;C:\Program Files\Git\cmd;C:\ProgramData\Oracle\Java\javapath;C:\WINDOWS\system32;C:\WINDOWS;C:\WINDOWS\System32\Wbem;C:\WINDOWS\System32\WindowsPowerShell\v1.0\;C:\Program Files (x86)\ATI Technologies\ATI.ACE\Core-Static;C:\Program Files (x86)\Skype\Phone\;C:\Program Files\Git\cmd;C:\Users\Sini\AppData\Local\Microsoft\WindowsApps;C:\Program Files\apache-maven-3.5.2\bin;;."/>
    <property name="maven.conf" value="C:\Program Files\apache-maven-3.5.2\bin\../conf"/>
    <property name="java.specification.name" value="Java Platform API Specification"/>
    <property name="java.class.version" value="52.0"/>
    <property name="sun.management.compiler" value="HotSpot 64-Bit Tiered Compilers"/>
    <property name="os.version" value="10.0"/>
    <property name="library.jansi.path" value="C:\Program Files\apache-maven-3.5.2\bin\..\lib\jansi-native"/>
    <property name="user.home" value="C:\Users\Sini"/>
    <property name="user.timezone" value="Europe/Berlin"/>
    <property name="java.awt.printerjob" value="sun.awt.windows.WPrinterJob"/>
    <property name="java.specification.version" value="1.8"/>
    <property name="file.encoding" value="Cp1252"/>
    <property name="user.name" value="Sini"/>
    <property name="java.class.path" value="C:\Program Files\apache-maven-3.5.2\bin\..\boot\plexus-classworlds-2.5.2.jar"/>
    <property name="java.vm.specification.version" value="1.8"/>
    <property name="sun.arch.data.model" value="64"/>
    <property name="java.home" value="C:\Program Files\Java\jdk1.8.0_144\jre"/>
    <property name="sun.java.command" value="org.codehaus.plexus.classworlds.launcher.Launcher clean install -U"/>
    <property name="java.specification.vendor" value="Oracle Corporation"/>
    <property name="user.language" value="sv"/>
    <property name="awt.toolkit" value="sun.awt.windows.WToolkit"/>
    <property name="java.vm.info" value="mixed mode"/>
    <property name="java.version" value="1.8.0_144"/>
    <property name="java.ext.dirs" value="C:\Program Files\Java\jdk1.8.0_144\jre\lib\ext;C:\WINDOWS\Sun\Java\lib\ext"/>
    <property name="sun.boot.class.path" value="C:\Program Files\Java\jdk1.8.0_144\jre\lib\resources.jar;C:\Program Files\Java\jdk1.8.0_144\jre\lib\rt.jar;C:\Program Files\Java\jdk1.8.0_144\jre\lib\sunrsasign.jar;C:\Program Files\Java\jdk1.8.0_144\jre\lib\jsse.jar;C:\Program Files\Java\jdk1.8.0_144\jre\lib\jce.jar;C:\Program Files\Java\jdk1.8.0_144\jre\lib\charsets.jar;C:\Program Files\Java\jdk1.8.0_144\jre\lib\jfr.jar;C:\Program Files\Java\jdk1.8.0_144\jre\classes"/>
    <property name="sun.stderr.encoding" value="cp850"/>
    <property name="java.vendor" value="Oracle Corporation"/>
    <property name="maven.home" value="C:\Program Files\apache-maven-3.5.2\bin\.."/>
    <property name="file.separator" value="\"/>
    <property name="java.vendor.url.bug" value="http://bugreport.sun.com/bugreport/"/>
    <property name="sun.cpu.endian" value="little"/>
    <property name="sun.io.unicode.encoding" value="UnicodeLittle"/>
    <property name="sun.stdout.encoding" value="cp850"/>
    <property name="sun.desktop" value="windows"/>
    <property name="sun.cpu.isalist" value="amd64"/>
  </properties>
  <testcase name="testCosZeros on testCosZeros(AdvancedCosineTest)" classname="AdvancedCosineTest" time="0.642"/>
  <testcase name="testCosNegativeNumbers on testCosNegativeNumbers(AdvancedCosineTest)" classname="AdvancedCosineTest" time="0.663"/>
  <testcase name="testCosPostiveNumbers on testCosPostiveNumbers(AdvancedCosineTest)" classname="AdvancedCosineTest" time="0.62"/>
  <testcase name="testSqrdZeros on testSqrdZeros(AdvancedSquaredTest)" classname="AdvancedSquaredTest" time="0.647"/>
  <testcase name="testSqrdNegativeNumbers on testSqrdNegativeNumbers(AdvancedSquaredTest)" classname="AdvancedSquaredTest" time="0.54"/>
  <testcase name="testSqrdPostiveNumbers on testSqrdPostiveNumbers(AdvancedSquaredTest)" classname="AdvancedSquaredTest" time="0.6"/>
  <testcase name="testSqrtZeros on testSqrtZeros(AdvancedSquareRootTest)" classname="AdvancedSquareRootTest" time="0.632"/>
  <testcase name="testSqrtPostiveNumbers on testSqrtPostiveNumbers(AdvancedSquareRootTest)" classname="AdvancedSquareRootTest" time="0.614"/>
  <testcase name="testSqrtNegativeNumbers on testSqrtNegativeNumbers(AdvancedSquareRootTest)" classname="AdvancedSquareRootTest" time="0.652"/>
  <testcase name="testSubZeros on testSubZeros(BasicSubtractionTest)" classname="BasicSubtractionTest" time="0.654"/>
  <testcase name="testSubPositiveNumbers on testSubPositiveNumbers(BasicSubtractionTest)" classname="BasicSubtractionTest" time="0.526"/>
  <testcase name="testSubNegativeNumbers on testSubNegativeNumbers(BasicSubtractionTest)" classname="BasicSubtractionTest" time="0.656"/>
  <testcase name="testLogNegativeNumbers on testLogNegativeNumbers(AdvancedLogarithmTest)" classname="AdvancedLogarithmTest" time="0.67"/>
  <testcase name="testLogZeros on testLogZeros(AdvancedLogarithmTest)" classname="AdvancedLogarithmTest" time="0.679"/>
  <testcase name="testLogPostiveNumbers on testLogPostiveNumbers(AdvancedLogarithmTest)" classname="AdvancedLogarithmTest" time="0.703"/>
  <testcase name="testSinNegativeNumbers on testSinNegativeNumbers(AdvancedSineTest)" classname="AdvancedSineTest" time="0.663"/>
  <testcase name="testSinPostiveNumbers on testSinPostiveNumbers(AdvancedSineTest)" classname="AdvancedSineTest" time="0.653"/>
  <testcase name="testSinZeros on testSinZeros(AdvancedSineTest)" classname="AdvancedSineTest" time="0.711"/>
  <testcase name="testMulPositiveNumbers on testMulPositiveNumbers(BasicMultiplicationTest)" classname="BasicMultiplicationTest" time="0.642"/>
  <testcase name="testMulNegativeNumbers on testMulNegativeNumbers(BasicMultiplicationTest)" classname="BasicMultiplicationTest" time="0.645"/>
  <testcase name="testMulZeros on testMulZeros(BasicMultiplicationTest)" classname="BasicMultiplicationTest" time="0.634"/>
  <testcase name="testDivPositiveNumbers on testDivPositiveNumbers(BasicDivisionTest)" classname="BasicDivisionTest" time="0.631"/>
  <testcase name="testDivNegativeNumbers on testDivNegativeNumbers(BasicDivisionTest)" classname="BasicDivisionTest" time="0.667"/>
  <testcase name="testDivZeros on testDivZeros(BasicDivisionTest)" classname="BasicDivisionTest" time="0.633"/>
  <testcase name="testAddZeros on testAddZeros(BasicAdditionTest)" classname="BasicAdditionTest" time="0.658"/>
  <testcase name="testAddPositiveNumbers on testAddPositiveNumbers(BasicAdditionTest)" classname="BasicAdditionTest" time="0.644"/>
  <testcase name="testAddNegativeNumbers on testAddNegativeNumbers(BasicAdditionTest)" classname="BasicAdditionTest" time="0.656"/>
  <testcase name="testTanZeros on testTanZeros(AdvancedTangentTest)" classname="AdvancedTangentTest" time="0.582"/>
  <testcase name="testTanNegativeNumbers on testTanNegativeNumbers(AdvancedTangentTest)" classname="AdvancedTangentTest" time="0.596"/>
  <testcase name="testTanPostiveNumbers on testTanPostiveNumbers(AdvancedTangentTest)" classname="AdvancedTangentTest" time="0.653"/>
</testsuite>